<?xml version="1.0" encoding="UTF-8"?>
<beans xmlns:xsi="http://www.w3.org/2001/XMLSchema-instance"
       xmlns="http://www.springframework.org/schema/beans"
       xsi:schemaLocation="http://www.springframework.org/schema/beans http://www.springframework.org/schema/beans/spring-beans.xsd">

    <bean id="espnNbaProjectionsPageOne" class="com.btanabe.fsdu.test.factories.FileTidiedStringFactory">
        <property name="inputFile" value="classpath:test-webpages/espn/nba/projections/projections-1.html"/>
    </bean>

    <bean id="espnNflProjectionsPageOne" class="com.btanabe.fsdu.test.factories.FileTidiedStringFactory">
        <property name="inputFile" value="classpath:test-webpages/espn/nfl/projections-1.html"/>
    </bean>

    <bean id="espnProjectionsPageEddieLacy" class="com.btanabe.fsdu.test.factories.FileTidiedStringFactory">
        <property name="inputFile" value="classpath:test-webpages/espn/nfl/projections-eddie-lacy.html"/>
    </bean>

    <bean id="espnProjectionsPageAaronRodgers" class="com.btanabe.fsdu.test.factories.FileTidiedStringFactory">
        <property name="inputFile" value="classpath:test-webpages/espn/nfl/projections-aaron-rodgers.html"/>
    </bean>

    <bean id="espnNflProjectionsPageOneUnformatted" class="com.btanabe.fsdu.test.factories.FileStringFactory">
        <property name="inputFile" value="classpath:test-webpages/espn/nfl/projections-1.dirty.html"/>
    </bean>

    <bean id="espnNflProjectionsPageOneFormatted" class="com.btanabe.fsdu.test.factories.FileTidiedStringFactory">
        <property name="inputFile" value="classpath:test-webpages/espn/nfl/projections-1.dirty.html"/>
    </bean>

    <bean id="espnProjectionsPageLeVeonBell" class="com.btanabe.fsdu.test.factories.FileTidiedStringFactory">
        <property name="inputFile" value="classpath:test-webpages/espn/nfl/projections-leveon-bell.html"/>
    </bean>

    <bean id="espnProjectionsPageDemaryiusThomas" class="com.btanabe.fsdu.test.factories.FileTidiedStringFactory">
        <property name="inputFile" value="classpath:test-webpages/espn/nfl/projections-demaryius-thomas.html"/>
    </bean>

    <bean id="espnProjectionsPagePeytonManning" class="com.btanabe.fsdu.test.factories.FileTidiedStringFactory">
        <property name="inputFile" value="classpath:test-webpages/espn/nfl/projections-peyton-manning.html"/>
    </bean>

    <bean id="espnProjectionsPageAnthonyDavis" class="com.btanabe.fsdu.test.factories.FileTidiedStringFactory">
        <property name="inputFile" value="classpath:test-webpages/espn/nba/projections-players/projections-anthony-davis.html"/>
    </bean>

    <bean id="espnProjectionsPageKyrieIrving" class="com.btanabe.fsdu.test.factories.FileTidiedStringFactory">
        <property name="inputFile" value="classpath:test-webpages/espn/nba/projections-players/projections-kyree-irving.html"/>
    </bean>

    <bean id="espnProjectionsPageEltonBrand" class="com.btanabe.fsdu.test.factories.FileTidiedStringFactory">
        <property name="inputFile" value="classpath:test-webpages/espn/nba/projections-players/projections-elton-brand.html"/>
    </bean>

    <bean id="espnPlayerPageEddieLacy" class="com.btanabe.fsdu.test.factories.FileTidiedStringFactory">
        <property name="inputFile" value="classpath:test-webpages/espn/player-page/player-page-15848-eddie-lacy.html"/>
    </bean>

    <bean id="espnPlayerPageBrandonMcManus" class="com.btanabe.fsdu.test.factories.FileTidiedStringFactory">
        <property name="inputFile" value="classpath:test-webpages/espn/player-page/player-page-16339-brandon-mcmanus.html"/>
    </bean>

    <bean id="nflRunningBacksPageOneFormatted" class="com.btanabe.fsdu.test.factories.FileTidiedStringFactory">
        <property name="inputFile" value="classpath:test-webpages/nfl/nfl-runningbacks-1.html"/>
    </bean>

    <bean id="nflRunningBacksAmeerAbdullahFormatted" class="com.btanabe.fsdu.test.factories.FileTidiedStringFactory">
        <property name="inputFile" value="classpath:test-webpages/nfl/nfl-runningbacks-ameer-abdullah.html"/>
    </bean>

    <!-- ESPN NBA Projection Pages: Hoop Dreams -->
    <bean id="espnNbaHoopDreamsProjectionsPageOne" class="com.btanabe.fsdu.test.factories.FileTidiedStringFactory">
        <property name="inputFile" value="classpath:test-webpages/espn/nba/projections/projections-hd-1.html"/>
    </bean>

    <bean id="espnNbaHoopDreamsProjectionsPageTwo" class="com.btanabe.fsdu.test.factories.FileTidiedStringFactory">
        <property name="inputFile" value="classpath:test-webpages/espn/nba/projections/projections-hd-2.html"/>
    </bean>

    <bean id="espnNbaHoopDreamsProjectionsPageThree" class="com.btanabe.fsdu.test.factories.FileTidiedStringFactory">
        <property name="inputFile" value="classpath:test-webpages/espn/nba/projections/projections-hd-3.html"/>
    </bean>

    <bean id="espnNbaHoopDreamsProjectionsPageFour" class="com.btanabe.fsdu.test.factories.FileTidiedStringFactory">
        <property name="inputFile" value="classpath:test-webpages/espn/nba/projections/projections-hd-4.html"/>
    </bean>

    <bean id="espnNbaHoopDreamsProjectionsPageFive" class="com.btanabe.fsdu.test.factories.FileTidiedStringFactory">
        <property name="inputFile" value="classpath:test-webpages/espn/nba/projections/projections-hd-5.html"/>
    </bean>

    <bean id="espnNbaHoopDreamsProjectionsPageSix" class="com.btanabe.fsdu.test.factories.FileTidiedStringFactory">
        <property name="inputFile" value="classpath:test-webpages/espn/nba/projections/projections-hd-6.html"/>
    </bean>

    <bean id="espnNbaHoopDreamsProjectionsPageSeven" class="com.btanabe.fsdu.test.factories.FileTidiedStringFactory">
        <property name="inputFile" value="classpath:test-webpages/espn/nba/projections/projections-hd-7.html"/>
    </bean>

    <bean id="espnNbaHoopDreamsProjectionsPageEight" class="com.btanabe.fsdu.test.factories.FileTidiedStringFactory">
        <property name="inputFile" value="classpath:test-webpages/espn/nba/projections/projections-hd-8.html"/>
    </bean>

    <bean id="espnNbaHoopDreamsProjectionsPageNine" class="com.btanabe.fsdu.test.factories.FileTidiedStringFactory">
        <property name="inputFile" value="classpath:test-webpages/espn/nba/projections/projections-hd-9.html"/>
    </bean>

    <bean id="espnNbaHoopDreamsProjectionsPageTen" class="com.btanabe.fsdu.test.factories.FileTidiedStringFactory">
        <property name="inputFile" value="classpath:test-webpages/espn/nba/projections/projections-hd-10.html"/>
    </bean>

    <bean id="espnNbaHoopDreamsProjectionsPageEleven" class="com.btanabe.fsdu.test.factories.FileTidiedStringFactory">
        <property name="inputFile" value="classpath:test-webpages/espn/nba/projections/projections-hd-11.html"/>
    </bean>

    <bean id="espnNbaHoopDreamsProjectionsPageTwelve" class="com.btanabe.fsdu.test.factories.FileTidiedStringFactory">
        <property name="inputFile" value="classpath:test-webpages/espn/nba/projections/projections-hd-12.html"/>
    </bean>

    <bean id="espnNbaHoopDreamsProjectionsPageThirteen" class="com.btanabe.fsdu.test.factories.FileTidiedStringFactory">
        <property name="inputFile" value="classpath:test-webpages/espn/nba/projections/projections-hd-13.html"/>
    </bean>

    <bean id="espnNbaHoopDreamsProjectionsPageFourteen" class="com.btanabe.fsdu.test.factories.FileTidiedStringFactory">
        <property name="inputFile" value="classpath:test-webpages/espn/nba/projections/projections-hd-14.html"/>
    </bean>

    <bean id="espnNbaHoopDreamsProjectionsPageFifteen" class="com.btanabe.fsdu.test.factories.FileTidiedStringFactory">
        <property name="inputFile" value="classpath:test-webpages/espn/nba/projections/projections-hd-15.html"/>
    </bean>

    <bean id="espnNbaHoopDreamsProjectionsPageSixteen" class="com.btanabe.fsdu.test.factories.FileTidiedStringFactory">
        <property name="inputFile" value="classpath:test-webpages/espn/nba/projections/projections-hd-16.html"/>
    </bean>

    <!-- ESPN NBA Player Rater Pages: Hoop Dreams -->
    <bean id="espnNbaHoopDreamsPlayerRaterPageOne" class="com.btanabe.fsdu.test.factories.FileTidiedStringFactory">
        <property name="inputFile" value="classpath:test-webpages/espn/nba/player-rater-pages/player-rater-1.html"/>
    </bean>

    <bean id="espnNbaHoopDreamsPlayerRaterPageTwo" class="com.btanabe.fsdu.test.factories.FileTidiedStringFactory">
        <property name="inputFile" value="classpath:test-webpages/espn/nba/player-rater-pages/player-rater-2.html"/>
    </bean>

    <bean id="espnNbaHoopDreamsPlayerRaterPageThree" class="com.btanabe.fsdu.test.factories.FileTidiedStringFactory">
        <property name="inputFile" value="classpath:test-webpages/espn/nba/player-rater-pages/player-rater-3.html"/>
    </bean>

    <bean id="espnNbaHoopDreamsPlayerRaterPageFour" class="com.btanabe.fsdu.test.factories.FileTidiedStringFactory">
        <property name="inputFile" value="classpath:test-webpages/espn/nba/player-rater-pages/player-rater-4.html"/>
    </bean>

    <bean id="espnNbaHoopDreamsPlayerRaterPageFive" class="com.btanabe.fsdu.test.factories.FileTidiedStringFactory">
        <property name="inputFile" value="classpath:test-webpages/espn/nba/player-rater-pages/player-rater-5.html"/>
    </bean>

    <bean id="espnNbaHoopDreamsPlayerRaterPageSix" class="com.btanabe.fsdu.test.factories.FileTidiedStringFactory">
        <property name="inputFile" value="classpath:test-webpages/espn/nba/player-rater-pages/player-rater-6.html"/>
    </bean>

    <bean id="espnNbaHoopDreamsPlayerRaterPageSeven" class="com.btanabe.fsdu.test.factories.FileTidiedStringFactory">
        <property name="inputFile" value="classpath:test-webpages/espn/nba/player-rater-pages/player-rater-7.html"/>
    </bean>

    <bean id="espnNbaHoopDreamsPlayerRaterPageEight" class="com.btanabe.fsdu.test.factories.FileTidiedStringFactory">
        <property name="inputFile" value="classpath:test-webpages/espn/nba/player-rater-pages/player-rater-8.html"/>
    </bean>

    <bean id="espnNbaHoopDreamsPlayerRaterPageNine" class="com.btanabe.fsdu.test.factories.FileTidiedStringFactory">
        <property name="inputFile" value="classpath:test-webpages/espn/nba/player-rater-pages/player-rater-9.html"/>
    </bean>

    <bean id="espnNbaHoopDreamsPlayerRaterPageTen" class="com.btanabe.fsdu.test.factories.FileTidiedStringFactory">
        <property name="inputFile" value="classpath:test-webpages/espn/nba/player-rater-pages/player-rater-10.html"/>
    </bean>

    <bean id="espnNbaHoopDreamsPlayerRaterPageEleven" class="com.btanabe.fsdu.test.factories.FileTidiedStringFactory">
        <property name="inputFile" value="classpath:test-webpages/espn/nba/player-rater-pages/player-rater-11.html"/>
    </bean>

    <bean id="espnNbaHoopDreamsPlayerRaterPageTwelve" class="com.btanabe.fsdu.test.factories.FileTidiedStringFactory">
        <property name="inputFile" value="classpath:test-webpages/espn/nba/player-rater-pages/player-rater-12.html"/>
    </bean>

    <bean id="espnNbaHoopDreamsPlayerRaterPageThirteen" class="com.btanabe.fsdu.test.factories.FileTidiedStringFactory">
        <property name="inputFile" value="classpath:test-webpages/espn/nba/player-rater-pages/player-rater-13.html"/>
    </bean>

    <bean id="espnNbaHoopDreamsPlayerRaterPageRussellWestbrook" class="com.btanabe.fsdu.test.factories.FileTidiedStringFactory">
        <property name="inputFile" value="classpath:test-webpages/espn/nba/player-rater-players/player-rater.russell-westbrook.html"/>
    </bean>

    <bean id="espnNbaHoopDreamsPlayerRaterPageChristianWood" class="com.btanabe.fsdu.test.factories.FileTidiedStringFactory">
        <property name="inputFile" value="classpath:test-webpages/espn/nba/player-rater-players/player-rater.christian-Wood.html"/>
    </bean>

    <!-- basketball-reference season totals -->
    <bean id="basketballReferenceSeasonTotals20142015Season" class="com.btanabe.fsdu.test.factories.FileTidiedStringFactory">
        <property name="inputFile" value="classpath:test-webpages/basketball-reference/season-totals-2014-2015.html"/>
    </bean>

    <bean id="basketballReferenceSeasonTotals20152016Season" class="com.btanabe.fsdu.test.factories.FileTidiedStringFactory">
        <property name="inputFile" value="classpath:test-webpages/basketball-reference/season-totals-2015-2016.html"/>
    </bean>

    <bean id="basketballReferenceSeasonTotals20142015QuincyAcy" class="com.btanabe.fsdu.test.factories.FileTidiedStringFactory">
        <property name="inputFile" value="classpath:test-webpages/basketball-reference/season-totals.quincy-acy.html"/>
    </bean>

    <bean id="basketballReferenceSeasonTotals20142015JerrelleBenimon" class="com.btanabe.fsdu.test.factories.FileTidiedStringFactory">
        <property name="inputFile" value="classpath:test-webpages/basketball-reference/season-totals.jerrelle-benimon.html"/>
    </bean>

    <bean id="basketballReferenceSeasonTotals20142015ArronAfflaloTot" class="com.btanabe.fsdu.test.factories.FileTidiedStringFactory">
        <property name="inputFile" value="classpath:test-webpages/basketball-reference/season-totals.arron-afflaflo-tot.html"/>
    </bean>

    <bean id="basketballReferenceSeasonTotals20142015DjAugustinDet" class="com.btanabe.fsdu.test.factories.FileTidiedStringFactory">
        <property name="inputFile" value="classpath:test-webpages/basketball-reference/season-totals.dj-augustin-det.html"/>
    </bean>

    <bean id="basketballReferenceSeasonTotals20142015JeffAyers" class="com.btanabe.fsdu.test.factories.FileTidiedStringFactory">
        <property name="inputFile" value="classpath:test-webpages/basketball-reference/season-totals.jeff-ayers.html"/>
    </bean>

    <!-- numberFire yearly projections page -->
    <bean id="numberFireYearlyProjectionsGuards" class="com.btanabe.fsdu.test.factories.FileTidiedStringFactory">
        <property name="inputFile" value="classpath:test-webpages/numberfire/numberfire-yearly-projections-guards.html"/>
    </bean>

    <bean id="numberFireYearlyProjectionsForwards" class="com.btanabe.fsdu.test.factories.FileTidiedStringFactory">
        <property name="inputFile" value="classpath:test-webpages/numberfire/numberfire-yearly-projections-forwards.html"/>
    </bean>

    <bean id="numberFireYearlyProjectionsCenters" class="com.btanabe.fsdu.test.factories.FileTidiedStringFactory">
        <property name="inputFile" value="classpath:test-webpages/numberfire/numberfire-yearly-projections-centers.html"/>
    </bean>
</beans>