<?xml version="1.0" encoding="UTF-8"?>
<beans xmlns:xsi="http://www.w3.org/2001/XMLSchema-instance"
       xmlns="http://www.springframework.org/schema/beans"
       xsi:schemaLocation="http://www.springframework.org/schema/beans http://www.springframework.org/schema/beans/spring-beans.xsd">

    <bean id="espnProjectionsPageOne" class="com.btanabe.fsdu.test.factories.FileTidiedStringFactory">
        <property name="inputFile" value="classpath:test-webpages/espn/projections-1.html"/>
    </bean>

    <bean id="espnProjectionsPageEddieLacy" class="com.btanabe.fsdu.test.factories.FileTidiedStringFactory">
        <property name="inputFile" value="classpath:test-webpages/espn/projections-eddie-lacy.html"/>
    </bean>

    <bean id="espnProjectionsPageAaronRodgers" class="com.btanabe.fsdu.test.factories.FileTidiedStringFactory">
        <property name="inputFile" value="classpath:test-webpages/espn/projections-aaron-rodgers.html"/>
    </bean>

    <bean id="espnProjectionsPageOneUnformatted" class="com.btanabe.fsdu.test.factories.FileStringFactory">
        <property name="inputFile" value="classpath:test-webpages/espn/projections-1.dirty.html"/>
    </bean>

    <bean id="espnProjectionsPageOneFormatted" class="com.btanabe.fsdu.test.factories.FileTidiedStringFactory">
        <property name="inputFile" value="classpath:test-webpages/espn/projections-1.dirty.html"/>
    </bean>

    <bean id="espnProjectionsPageLeVeonBell" class="com.btanabe.fsdu.test.factories.FileTidiedStringFactory">
        <property name="inputFile" value="classpath:test-webpages/espn/projections-leveon-bell.html"/>
    </bean>

    <bean id="espnProjectionsPageDemaryiusThomas" class="com.btanabe.fsdu.test.factories.FileTidiedStringFactory">
        <property name="inputFile" value="classpath:test-webpages/espn/projections-demaryius-thomas.html"/>
    </bean>

    <bean id="espnProjectionsPagePeytonManning" class="com.btanabe.fsdu.test.factories.FileTidiedStringFactory">
        <property name="inputFile" value="classpath:test-webpages/espn/projections-peyton-manning.html"/>
    </bean>

    <bean id="numberFireAnonymousLeagueProjections" class="com.btanabe.fsdu.test.factories.FileTidiedStringFactory">
        <property name="inputFile" value="classpath:test-webpages/numberFire/projections-anonymous-league.html"/>
    </bean>
</beans>