<?xml version="1.0" encoding="UTF-8"?>
<beans xmlns:xsi="http://www.w3.org/2001/XMLSchema-instance"
       xmlns="http://www.springframework.org/schema/beans"
       xsi:schemaLocation="http://www.springframework.org/schema/beans http://www.springframework.org/schema/beans/spring-beans.xsd">

    <bean id="espnProjectionsPageOneFactoryBean" class="com.btanabe.fsdu.test.factories.FileTidiedStringFactory">
        <property name="inputFile" value="classpath:test-webpages/espn/projections-1.html"/>
    </bean>

    <bean id="espnProjectionsPageEddieLacyBean" class="com.btanabe.fsdu.test.factories.FileTidiedStringFactory">
        <property name="inputFile" value="classpath:test-webpages/espn/projections-eddie-lacy.html"/>
    </bean>

    <bean id="espnProjectionsPageAaronRodgersBean" class="com.btanabe.fsdu.test.factories.FileTidiedStringFactory">
        <property name="inputFile" value="classpath:test-webpages/espn/projections-aaron-rodgers.html"/>
    </bean>

    <bean id="espnProjectionsPageOneUnformattedBean" class="com.btanabe.fsdu.test.factories.FileStringFactory">
        <property name="inputFile" value="classpath:test-webpages/espn/projections-1.dirty.html"/>
    </bean>

    <bean id="espnProjectionsPageOneFormattedBean" class="com.btanabe.fsdu.test.factories.FileTidiedStringFactory">
        <property name="inputFile" value="classpath:test-webpages/espn/projections-1.dirty.html"/>
    </bean>
</beans>