<?xml version="1.0" encoding="UTF-8"?>
<beans xmlns:xsi="http://www.w3.org/2001/XMLSchema-instance"
       xmlns="http://www.springframework.org/schema/beans"
       xsi:schemaLocation="http://www.springframework.org/schema/beans http://www.springframework.org/schema/beans/spring-beans.xsd">

    <bean id="espnNbaProjectionsPageOne" class="com.btanabe.fsdu.test.factories.FileTidiedStringFactory">
        <property name="inputFile" value="classpath:test-webpages/espn/nba/projections-1.html"/>
    </bean>

    <bean id="espnNflProjectionsPageOne" class="com.btanabe.fsdu.test.factories.FileTidiedStringFactory">
        <property name="inputFile" value="classpath:test-webpages/espn/nfl/projections-1.html"/>
    </bean>

    <bean id="espnProjectionsPageEddieLacy" class="com.btanabe.fsdu.test.factories.FileTidiedStringFactory">
        <property name="inputFile" value="classpath:test-webpages/espn/nfl/projections-eddie-lacy.html"/>
    </bean>

    <bean id="espnProjectionsPageAaronRodgers" class="com.btanabe.fsdu.test.factories.FileTidiedStringFactory">
        <property name="inputFile" value="classpath:test-webpages/espn/nfl/projections-aaron-rodgers.html"/>
    </bean>

    <bean id="espnNflProjectionsPageOneUnformatted" class="com.btanabe.fsdu.test.factories.FileStringFactory">
        <property name="inputFile" value="classpath:test-webpages/espn/nfl/projections-1.dirty.html"/>
    </bean>

    <bean id="espnNflProjectionsPageOneFormatted" class="com.btanabe.fsdu.test.factories.FileTidiedStringFactory">
        <property name="inputFile" value="classpath:test-webpages/espn/nfl/projections-1.dirty.html"/>
    </bean>

    <bean id="espnProjectionsPageLeVeonBell" class="com.btanabe.fsdu.test.factories.FileTidiedStringFactory">
        <property name="inputFile" value="classpath:test-webpages/espn/nfl/projections-leveon-bell.html"/>
    </bean>

    <bean id="espnProjectionsPageDemaryiusThomas" class="com.btanabe.fsdu.test.factories.FileTidiedStringFactory">
        <property name="inputFile" value="classpath:test-webpages/espn/nfl/projections-demaryius-thomas.html"/>
    </bean>

    <bean id="espnProjectionsPagePeytonManning" class="com.btanabe.fsdu.test.factories.FileTidiedStringFactory">
        <property name="inputFile" value="classpath:test-webpages/espn/nfl/projections-peyton-manning.html"/>
    </bean>

    <bean id="espnProjectionsPageAnthonyDavis" class="com.btanabe.fsdu.test.factories.FileTidiedStringFactory">
        <property name="inputFile" value="classpath:test-webpages/espn/nba/projections-anthony-davis.html"/>
    </bean>

    <bean id="espnProjectionsPageKyrieIrving" class="com.btanabe.fsdu.test.factories.FileTidiedStringFactory">
        <property name="inputFile" value="classpath:test-webpages/espn/nba/projections-kyree-irving.html"/>
    </bean>

    <bean id="espnPlayerPageEddieLacy" class="com.btanabe.fsdu.test.factories.FileTidiedStringFactory">
        <property name="inputFile" value="classpath:test-webpages/espn/player-page/player-page-15848-eddie-lacy.html"/>
    </bean>

    <bean id="espnPlayerPageBrandonMcManus" class="com.btanabe.fsdu.test.factories.FileTidiedStringFactory">
        <property name="inputFile" value="classpath:test-webpages/espn/player-page/player-page-16339-brandon-mcmanus.html"/>
    </bean>

    <bean id="numberNflFireAnonymousLeagueProjections" class="com.btanabe.fsdu.test.factories.FileTidiedStringFactory">
        <property name="inputFile" value="classpath:test-webpages/numberFire/projections-anonymous-league.html"/>
    </bean>

    <bean id="nflRunningBacksPageOneFormatted" class="com.btanabe.fsdu.test.factories.FileTidiedStringFactory">
        <property name="inputFile" value="classpath:test-webpages/nfl/nfl-runningbacks-1.html"/>
    </bean>

    <bean id="nflRunningBacksAmeerAbdullahFormatted" class="com.btanabe.fsdu.test.factories.FileTidiedStringFactory">
        <property name="inputFile" value="classpath:test-webpages/nfl/nfl-runningbacks-ameer-abdullah.html"/>
    </bean>

    <!-- ESPN NBA Projection Pages: Hoop Dreams -->
    <bean id="espnNbaHoopDreamsProjectionsPageOne" class="com.btanabe.fsdu.test.factories.FileTidiedStringFactory">
        <property name="inputFile" value="classpath:test-webpages/espn/nba/projections/projections-hd-1.html"/>
    </bean>

    <bean id="espnNbaHoopDreamsProjectionsPageTwo" class="com.btanabe.fsdu.test.factories.FileTidiedStringFactory">
        <property name="inputFile" value="classpath:test-webpages/espn/nba/projections/projections-hd-2.html"/>
    </bean>

    <bean id="espnNbaHoopDreamsProjectionsPageThree" class="com.btanabe.fsdu.test.factories.FileTidiedStringFactory">
        <property name="inputFile" value="classpath:test-webpages/espn/nba/projections/projections-hd-3.html"/>
    </bean>

    <bean id="espnNbaHoopDreamsProjectionsPageFour" class="com.btanabe.fsdu.test.factories.FileTidiedStringFactory">
        <property name="inputFile" value="classpath:test-webpages/espn/nba/projections/projections-hd-4.html"/>
    </bean>

    <bean id="espnNbaHoopDreamsProjectionsPageFive" class="com.btanabe.fsdu.test.factories.FileTidiedStringFactory">
        <property name="inputFile" value="classpath:test-webpages/espn/nba/projections/projections-hd-5.html"/>
    </bean>

    <bean id="espnNbaHoopDreamsProjectionsPageSix" class="com.btanabe.fsdu.test.factories.FileTidiedStringFactory">
        <property name="inputFile" value="classpath:test-webpages/espn/nba/projections/projections-hd-6.html"/>
    </bean>

    <bean id="espnNbaHoopDreamsProjectionsPageSeven" class="com.btanabe.fsdu.test.factories.FileTidiedStringFactory">
        <property name="inputFile" value="classpath:test-webpages/espn/nba/projections/projections-hd-7.html"/>
    </bean>

    <bean id="espnNbaHoopDreamsProjectionsPageEight" class="com.btanabe.fsdu.test.factories.FileTidiedStringFactory">
        <property name="inputFile" value="classpath:test-webpages/espn/nba/projections/projections-hd-8.html"/>
    </bean>

    <bean id="espnNbaHoopDreamsProjectionsPageNine" class="com.btanabe.fsdu.test.factories.FileTidiedStringFactory">
        <property name="inputFile" value="classpath:test-webpages/espn/nba/projections/projections-hd-9.html"/>
    </bean>

    <bean id="espnNbaHoopDreamsProjectionsPageTen" class="com.btanabe.fsdu.test.factories.FileTidiedStringFactory">
        <property name="inputFile" value="classpath:test-webpages/espn/nba/projections/projections-hd-10.html"/>
    </bean>

    <bean id="espnNbaHoopDreamsProjectionsPageEleven" class="com.btanabe.fsdu.test.factories.FileTidiedStringFactory">
        <property name="inputFile" value="classpath:test-webpages/espn/nba/projections/projections-hd-11.html"/>
    </bean>

    <bean id="espnNbaHoopDreamsProjectionsPageTwelve" class="com.btanabe.fsdu.test.factories.FileTidiedStringFactory">
        <property name="inputFile" value="classpath:test-webpages/espn/nba/projections/projections-hd-12.html"/>
    </bean>

    <bean id="espnNbaHoopDreamsProjectionsPageThirteen" class="com.btanabe.fsdu.test.factories.FileTidiedStringFactory">
        <property name="inputFile" value="classpath:test-webpages/espn/nba/projections/projections-hd-13.html"/>
    </bean>

    <bean id="espnNbaHoopDreamsProjectionsPageFourteen" class="com.btanabe.fsdu.test.factories.FileTidiedStringFactory">
        <property name="inputFile" value="classpath:test-webpages/espn/nba/projections/projections-hd-14.html"/>
    </bean>

    <bean id="espnNbaHoopDreamsProjectionsPageFifteen" class="com.btanabe.fsdu.test.factories.FileTidiedStringFactory">
        <property name="inputFile" value="classpath:test-webpages/espn/nba/projections/projections-hd-15.html"/>
    </bean>

    <bean id="espnNbaHoopDreamsProjectionsPageSixteen" class="com.btanabe.fsdu.test.factories.FileTidiedStringFactory">
        <property name="inputFile" value="classpath:test-webpages/espn/nba/projections/projections-hd-16.html"/>
    </bean>
</beans>